[2023-07-14 09:04:24,464][HYDRA] Launching 1 jobs locally
[2023-07-14 09:04:24,464][HYDRA] 	#0 : seed=0 data.name=wine data.split=GAP data.split_index=4 trainer.la.selection_strategy=SPR trainer.la.subset_size=600
[2023-07-14 09:04:24,960][main][INFO] - Using device: cuda
[2023-07-14 09:04:26,749][main][INFO] - Training LA_POSTHOC model
[2023-07-14 09:04:28,470][main][INFO] - Using SPR strategy for subnetwork selection
[2023-07-14 09:04:31,217][main][INFO] - Test NLL=1.0408912639542707

JOB STATISTICS
==============
Job ID: 3064782
Cluster: snellius
User/Group: abhijith/abhijith
State: RUNNING
Nodes: 1
Cores per node: 18
CPU Utilized: 00:00:06
CPU Efficiency: 1.67% of 00:06:00 core-walltime
Job Wall-clock time: 00:00:20
Memory Utilized: 1.40 MB
Memory Efficiency: 0.00% of 0.00 MB
WARNING: Efficiency statistics may be misleading for RUNNING jobs.
