[2023-07-09 16:53:43,480][HYDRA] Launching 55 jobs locally
[2023-07-09 16:53:43,480][HYDRA] 	#0 : seed=0 data.name=wine data.split=GAP data.split_index=0 trainer.la.selection_strategy=OBD trainer.la.subset_size=600
[2023-07-09 16:53:43,734][main][INFO] - Using device: cuda
[2023-07-09 16:53:44,191][main][INFO] - Training LA_POSTHOC model
[2023-07-09 16:53:50,212][HYDRA] 	#1 : seed=0 data.name=wine data.split=GAP data.split_index=1 trainer.la.selection_strategy=OBD trainer.la.subset_size=600
[2023-07-09 16:53:50,299][main][INFO] - Using device: cuda
[2023-07-09 16:53:50,713][main][INFO] - Training LA_POSTHOC model
[2023-07-09 16:53:53,181][HYDRA] 	#2 : seed=0 data.name=wine data.split=GAP data.split_index=2 trainer.la.selection_strategy=OBD trainer.la.subset_size=600
[2023-07-09 16:53:53,266][main][INFO] - Using device: cuda
[2023-07-09 16:53:53,623][main][INFO] - Training LA_POSTHOC model
[2023-07-09 16:53:56,038][HYDRA] 	#3 : seed=0 data.name=wine data.split=GAP data.split_index=3 trainer.la.selection_strategy=OBD trainer.la.subset_size=600
[2023-07-09 16:53:56,124][main][INFO] - Using device: cuda
[2023-07-09 16:53:56,491][main][INFO] - Training LA_POSTHOC model
[2023-07-09 16:53:58,905][HYDRA] 	#4 : seed=0 data.name=wine data.split=GAP data.split_index=4 trainer.la.selection_strategy=OBD trainer.la.subset_size=600
[2023-07-09 16:53:58,990][main][INFO] - Using device: cuda
[2023-07-09 16:53:59,345][main][INFO] - Training LA_POSTHOC model
[2023-07-09 16:54:01,763][HYDRA] 	#5 : seed=0 data.name=wine data.split=GAP data.split_index=5 trainer.la.selection_strategy=OBD trainer.la.subset_size=600
[2023-07-09 16:54:01,848][main][INFO] - Using device: cuda
[2023-07-09 16:54:02,182][main][INFO] - Training LA_POSTHOC model
[2023-07-09 16:54:04,600][HYDRA] 	#6 : seed=0 data.name=wine data.split=GAP data.split_index=6 trainer.la.selection_strategy=OBD trainer.la.subset_size=600
[2023-07-09 16:54:04,686][main][INFO] - Using device: cuda
[2023-07-09 16:54:05,023][main][INFO] - Training LA_POSTHOC model
[2023-07-09 16:54:07,438][HYDRA] 	#7 : seed=0 data.name=wine data.split=GAP data.split_index=7 trainer.la.selection_strategy=OBD trainer.la.subset_size=600
[2023-07-09 16:54:07,558][main][INFO] - Using device: cuda
[2023-07-09 16:54:07,912][main][INFO] - Training LA_POSTHOC model
[2023-07-09 16:54:10,317][HYDRA] 	#8 : seed=0 data.name=wine data.split=GAP data.split_index=8 trainer.la.selection_strategy=OBD trainer.la.subset_size=600
[2023-07-09 16:54:10,403][main][INFO] - Using device: cuda
[2023-07-09 16:54:10,766][main][INFO] - Training LA_POSTHOC model
[2023-07-09 16:54:13,177][HYDRA] 	#9 : seed=0 data.name=wine data.split=GAP data.split_index=9 trainer.la.selection_strategy=OBD trainer.la.subset_size=600
[2023-07-09 16:54:13,264][main][INFO] - Using device: cuda
[2023-07-09 16:54:13,610][main][INFO] - Training LA_POSTHOC model
[2023-07-09 16:54:16,019][HYDRA] 	#10 : seed=0 data.name=wine data.split=GAP data.split_index=10 trainer.la.selection_strategy=OBD trainer.la.subset_size=600
[2023-07-09 16:54:16,105][main][INFO] - Using device: cuda
[2023-07-09 16:54:16,458][main][INFO] - Training LA_POSTHOC model
[2023-07-09 16:54:18,860][HYDRA] 	#11 : seed=1 data.name=wine data.split=GAP data.split_index=0 trainer.la.selection_strategy=OBD trainer.la.subset_size=600
[2023-07-09 16:54:18,946][main][INFO] - Using device: cuda
[2023-07-09 16:54:19,307][main][INFO] - Training LA_POSTHOC model
[2023-07-09 16:54:21,723][HYDRA] 	#12 : seed=1 data.name=wine data.split=GAP data.split_index=1 trainer.la.selection_strategy=OBD trainer.la.subset_size=600
[2023-07-09 16:54:21,808][main][INFO] - Using device: cuda
[2023-07-09 16:54:22,141][main][INFO] - Training LA_POSTHOC model
[2023-07-09 16:54:24,602][HYDRA] 	#13 : seed=1 data.name=wine data.split=GAP data.split_index=2 trainer.la.selection_strategy=OBD trainer.la.subset_size=600
[2023-07-09 16:54:24,689][main][INFO] - Using device: cuda
[2023-07-09 16:54:25,038][main][INFO] - Training LA_POSTHOC model
[2023-07-09 16:54:27,451][HYDRA] 	#14 : seed=1 data.name=wine data.split=GAP data.split_index=3 trainer.la.selection_strategy=OBD trainer.la.subset_size=600
[2023-07-09 16:54:27,537][main][INFO] - Using device: cuda
[2023-07-09 16:54:27,890][main][INFO] - Training LA_POSTHOC model
[2023-07-09 16:54:30,288][HYDRA] 	#15 : seed=1 data.name=wine data.split=GAP data.split_index=4 trainer.la.selection_strategy=OBD trainer.la.subset_size=600
[2023-07-09 16:54:30,374][main][INFO] - Using device: cuda
[2023-07-09 16:54:30,737][main][INFO] - Training LA_POSTHOC model
[2023-07-09 16:54:33,145][HYDRA] 	#16 : seed=1 data.name=wine data.split=GAP data.split_index=5 trainer.la.selection_strategy=OBD trainer.la.subset_size=600
[2023-07-09 16:54:33,231][main][INFO] - Using device: cuda
[2023-07-09 16:54:33,589][main][INFO] - Training LA_POSTHOC model
[2023-07-09 16:54:35,974][HYDRA] 	#17 : seed=1 data.name=wine data.split=GAP data.split_index=6 trainer.la.selection_strategy=OBD trainer.la.subset_size=600
[2023-07-09 16:54:36,060][main][INFO] - Using device: cuda
[2023-07-09 16:54:36,432][main][INFO] - Training LA_POSTHOC model
[2023-07-09 16:54:38,859][HYDRA] 	#18 : seed=1 data.name=wine data.split=GAP data.split_index=7 trainer.la.selection_strategy=OBD trainer.la.subset_size=600
[2023-07-09 16:54:38,945][main][INFO] - Using device: cuda
[2023-07-09 16:54:39,339][main][INFO] - Training LA_POSTHOC model
[2023-07-09 16:54:41,734][HYDRA] 	#19 : seed=1 data.name=wine data.split=GAP data.split_index=8 trainer.la.selection_strategy=OBD trainer.la.subset_size=600
[2023-07-09 16:54:41,821][main][INFO] - Using device: cuda
[2023-07-09 16:54:42,207][main][INFO] - Training LA_POSTHOC model
[2023-07-09 16:54:44,604][HYDRA] 	#20 : seed=1 data.name=wine data.split=GAP data.split_index=9 trainer.la.selection_strategy=OBD trainer.la.subset_size=600
[2023-07-09 16:54:44,690][main][INFO] - Using device: cuda
[2023-07-09 16:54:45,041][main][INFO] - Training LA_POSTHOC model
[2023-07-09 16:54:47,445][HYDRA] 	#21 : seed=1 data.name=wine data.split=GAP data.split_index=10 trainer.la.selection_strategy=OBD trainer.la.subset_size=600
[2023-07-09 16:54:47,532][main][INFO] - Using device: cuda
[2023-07-09 16:54:47,899][main][INFO] - Training LA_POSTHOC model
[2023-07-09 16:54:50,305][HYDRA] 	#22 : seed=2 data.name=wine data.split=GAP data.split_index=0 trainer.la.selection_strategy=OBD trainer.la.subset_size=600
[2023-07-09 16:54:50,392][main][INFO] - Using device: cuda
[2023-07-09 16:54:50,766][main][INFO] - Training LA_POSTHOC model
[2023-07-09 16:54:53,188][HYDRA] 	#23 : seed=2 data.name=wine data.split=GAP data.split_index=1 trainer.la.selection_strategy=OBD trainer.la.subset_size=600
[2023-07-09 16:54:53,274][main][INFO] - Using device: cuda
[2023-07-09 16:54:53,651][main][INFO] - Training LA_POSTHOC model
[2023-07-09 16:54:56,116][HYDRA] 	#24 : seed=2 data.name=wine data.split=GAP data.split_index=2 trainer.la.selection_strategy=OBD trainer.la.subset_size=600
[2023-07-09 16:54:56,202][main][INFO] - Using device: cuda
[2023-07-09 16:54:56,565][main][INFO] - Training LA_POSTHOC model
[2023-07-09 16:54:58,961][HYDRA] 	#25 : seed=2 data.name=wine data.split=GAP data.split_index=3 trainer.la.selection_strategy=OBD trainer.la.subset_size=600
[2023-07-09 16:54:59,047][main][INFO] - Using device: cuda
[2023-07-09 16:54:59,448][main][INFO] - Training LA_POSTHOC model
[2023-07-09 16:55:01,846][HYDRA] 	#26 : seed=2 data.name=wine data.split=GAP data.split_index=4 trainer.la.selection_strategy=OBD trainer.la.subset_size=600
[2023-07-09 16:55:01,932][main][INFO] - Using device: cuda
[2023-07-09 16:55:02,269][main][INFO] - Training LA_POSTHOC model
[2023-07-09 16:55:04,667][HYDRA] 	#27 : seed=2 data.name=wine data.split=GAP data.split_index=5 trainer.la.selection_strategy=OBD trainer.la.subset_size=600
[2023-07-09 16:55:04,753][main][INFO] - Using device: cuda
[2023-07-09 16:55:05,114][main][INFO] - Training LA_POSTHOC model
[2023-07-09 16:55:07,509][HYDRA] 	#28 : seed=2 data.name=wine data.split=GAP data.split_index=6 trainer.la.selection_strategy=OBD trainer.la.subset_size=600
[2023-07-09 16:55:07,595][main][INFO] - Using device: cuda
[2023-07-09 16:55:07,961][main][INFO] - Training LA_POSTHOC model
[2023-07-09 16:55:10,356][HYDRA] 	#29 : seed=2 data.name=wine data.split=GAP data.split_index=7 trainer.la.selection_strategy=OBD trainer.la.subset_size=600
[2023-07-09 16:55:10,441][main][INFO] - Using device: cuda
[2023-07-09 16:55:10,797][main][INFO] - Training LA_POSTHOC model
[2023-07-09 16:55:13,226][HYDRA] 	#30 : seed=2 data.name=wine data.split=GAP data.split_index=8 trainer.la.selection_strategy=OBD trainer.la.subset_size=600
[2023-07-09 16:55:13,312][main][INFO] - Using device: cuda
[2023-07-09 16:55:13,672][main][INFO] - Training LA_POSTHOC model
[2023-07-09 16:55:16,068][HYDRA] 	#31 : seed=2 data.name=wine data.split=GAP data.split_index=9 trainer.la.selection_strategy=OBD trainer.la.subset_size=600
[2023-07-09 16:55:16,154][main][INFO] - Using device: cuda
[2023-07-09 16:55:16,515][main][INFO] - Training LA_POSTHOC model
[2023-07-09 16:55:18,912][HYDRA] 	#32 : seed=2 data.name=wine data.split=GAP data.split_index=10 trainer.la.selection_strategy=OBD trainer.la.subset_size=600
[2023-07-09 16:55:18,997][main][INFO] - Using device: cuda
[2023-07-09 16:55:19,361][main][INFO] - Training LA_POSTHOC model
[2023-07-09 16:55:21,757][HYDRA] 	#33 : seed=3 data.name=wine data.split=GAP data.split_index=0 trainer.la.selection_strategy=OBD trainer.la.subset_size=600
[2023-07-09 16:55:21,842][main][INFO] - Using device: cuda
[2023-07-09 16:55:22,178][main][INFO] - Training LA_POSTHOC model
[2023-07-09 16:55:24,570][HYDRA] 	#34 : seed=3 data.name=wine data.split=GAP data.split_index=1 trainer.la.selection_strategy=OBD trainer.la.subset_size=600
[2023-07-09 16:55:24,656][main][INFO] - Using device: cuda
[2023-07-09 16:55:25,008][main][INFO] - Training LA_POSTHOC model
[2023-07-09 16:55:27,412][HYDRA] 	#35 : seed=3 data.name=wine data.split=GAP data.split_index=2 trainer.la.selection_strategy=OBD trainer.la.subset_size=600
[2023-07-09 16:55:27,499][main][INFO] - Using device: cuda
[2023-07-09 16:55:27,841][main][INFO] - Training LA_POSTHOC model
[2023-07-09 16:55:30,294][HYDRA] 	#36 : seed=3 data.name=wine data.split=GAP data.split_index=3 trainer.la.selection_strategy=OBD trainer.la.subset_size=600
[2023-07-09 16:55:30,379][main][INFO] - Using device: cuda
[2023-07-09 16:55:30,743][main][INFO] - Training LA_POSTHOC model
[2023-07-09 16:55:33,153][HYDRA] 	#37 : seed=3 data.name=wine data.split=GAP data.split_index=4 trainer.la.selection_strategy=OBD trainer.la.subset_size=600
[2023-07-09 16:55:33,238][main][INFO] - Using device: cuda
[2023-07-09 16:55:33,600][main][INFO] - Training LA_POSTHOC model
[2023-07-09 16:55:36,007][HYDRA] 	#38 : seed=3 data.name=wine data.split=GAP data.split_index=5 trainer.la.selection_strategy=OBD trainer.la.subset_size=600
[2023-07-09 16:55:36,092][main][INFO] - Using device: cuda
[2023-07-09 16:55:36,432][main][INFO] - Training LA_POSTHOC model
[2023-07-09 16:55:38,829][HYDRA] 	#39 : seed=3 data.name=wine data.split=GAP data.split_index=6 trainer.la.selection_strategy=OBD trainer.la.subset_size=600
[2023-07-09 16:55:38,914][main][INFO] - Using device: cuda
[2023-07-09 16:55:39,251][main][INFO] - Training LA_POSTHOC model
[2023-07-09 16:55:41,629][HYDRA] 	#40 : seed=3 data.name=wine data.split=GAP data.split_index=7 trainer.la.selection_strategy=OBD trainer.la.subset_size=600
[2023-07-09 16:55:41,713][main][INFO] - Using device: cuda
[2023-07-09 16:55:42,057][main][INFO] - Training LA_POSTHOC model
[2023-07-09 16:55:44,439][HYDRA] 	#41 : seed=3 data.name=wine data.split=GAP data.split_index=8 trainer.la.selection_strategy=OBD trainer.la.subset_size=600
[2023-07-09 16:55:44,525][main][INFO] - Using device: cuda
[2023-07-09 16:55:44,868][main][INFO] - Training LA_POSTHOC model
[2023-07-09 16:55:47,285][HYDRA] 	#42 : seed=3 data.name=wine data.split=GAP data.split_index=9 trainer.la.selection_strategy=OBD trainer.la.subset_size=600
[2023-07-09 16:55:47,370][main][INFO] - Using device: cuda
[2023-07-09 16:55:47,716][main][INFO] - Training LA_POSTHOC model
[2023-07-09 16:55:50,098][HYDRA] 	#43 : seed=3 data.name=wine data.split=GAP data.split_index=10 trainer.la.selection_strategy=OBD trainer.la.subset_size=600
[2023-07-09 16:55:50,183][main][INFO] - Using device: cuda
[2023-07-09 16:55:50,538][main][INFO] - Training LA_POSTHOC model
[2023-07-09 16:55:52,919][HYDRA] 	#44 : seed=4 data.name=wine data.split=GAP data.split_index=0 trainer.la.selection_strategy=OBD trainer.la.subset_size=600
[2023-07-09 16:55:53,004][main][INFO] - Using device: cuda
[2023-07-09 16:55:53,331][main][INFO] - Training LA_POSTHOC model
[2023-07-09 16:55:55,712][HYDRA] 	#45 : seed=4 data.name=wine data.split=GAP data.split_index=1 trainer.la.selection_strategy=OBD trainer.la.subset_size=600
[2023-07-09 16:55:55,797][main][INFO] - Using device: cuda
[2023-07-09 16:55:56,123][main][INFO] - Training LA_POSTHOC model
[2023-07-09 16:55:58,506][HYDRA] 	#46 : seed=4 data.name=wine data.split=GAP data.split_index=2 trainer.la.selection_strategy=OBD trainer.la.subset_size=600
[2023-07-09 16:55:58,591][main][INFO] - Using device: cuda
[2023-07-09 16:55:58,945][main][INFO] - Training LA_POSTHOC model
[2023-07-09 16:56:01,324][HYDRA] 	#47 : seed=4 data.name=wine data.split=GAP data.split_index=3 trainer.la.selection_strategy=OBD trainer.la.subset_size=600
[2023-07-09 16:56:01,410][main][INFO] - Using device: cuda
[2023-07-09 16:56:01,753][main][INFO] - Training LA_POSTHOC model
[2023-07-09 16:56:04,171][HYDRA] 	#48 : seed=4 data.name=wine data.split=GAP data.split_index=4 trainer.la.selection_strategy=OBD trainer.la.subset_size=600
[2023-07-09 16:56:04,257][main][INFO] - Using device: cuda
[2023-07-09 16:56:04,638][main][INFO] - Training LA_POSTHOC model
[2023-07-09 16:56:07,019][HYDRA] 	#49 : seed=4 data.name=wine data.split=GAP data.split_index=5 trainer.la.selection_strategy=OBD trainer.la.subset_size=600
[2023-07-09 16:56:07,104][main][INFO] - Using device: cuda
[2023-07-09 16:56:07,455][main][INFO] - Training LA_POSTHOC model
[2023-07-09 16:56:09,839][HYDRA] 	#50 : seed=4 data.name=wine data.split=GAP data.split_index=6 trainer.la.selection_strategy=OBD trainer.la.subset_size=600
[2023-07-09 16:56:09,925][main][INFO] - Using device: cuda
[2023-07-09 16:56:10,281][main][INFO] - Training LA_POSTHOC model
[2023-07-09 16:56:12,672][HYDRA] 	#51 : seed=4 data.name=wine data.split=GAP data.split_index=7 trainer.la.selection_strategy=OBD trainer.la.subset_size=600
[2023-07-09 16:56:12,759][main][INFO] - Using device: cuda
[2023-07-09 16:56:13,105][main][INFO] - Training LA_POSTHOC model
[2023-07-09 16:56:15,493][HYDRA] 	#52 : seed=4 data.name=wine data.split=GAP data.split_index=8 trainer.la.selection_strategy=OBD trainer.la.subset_size=600
[2023-07-09 16:56:15,578][main][INFO] - Using device: cuda
[2023-07-09 16:56:15,922][main][INFO] - Training LA_POSTHOC model
[2023-07-09 16:56:18,314][HYDRA] 	#53 : seed=4 data.name=wine data.split=GAP data.split_index=9 trainer.la.selection_strategy=OBD trainer.la.subset_size=600
[2023-07-09 16:56:18,399][main][INFO] - Using device: cuda
[2023-07-09 16:56:18,757][main][INFO] - Training LA_POSTHOC model
[2023-07-09 16:56:21,152][HYDRA] 	#54 : seed=4 data.name=wine data.split=GAP data.split_index=10 trainer.la.selection_strategy=OBD trainer.la.subset_size=600
[2023-07-09 16:56:21,292][main][INFO] - Using device: cuda
[2023-07-09 16:56:21,639][main][INFO] - Training LA_POSTHOC model

JOB STATISTICS
==============
Job ID: 3037724
Cluster: snellius
User/Group: abhijith/abhijith
State: RUNNING
Nodes: 1
Cores per node: 18
CPU Utilized: 00:00:00
CPU Efficiency: 0.00% of 00:52:48 core-walltime
Job Wall-clock time: 00:02:56
Memory Utilized: 0.00 MB (estimated maximum)
Memory Efficiency: 0.00% of 0.00 MB (0.00 MB/node)
WARNING: Efficiency statistics may be misleading for RUNNING jobs.
