[2023-07-09 16:33:49,003][HYDRA] Launching 100 jobs locally
[2023-07-09 16:33:49,003][HYDRA] 	#0 : seed=0 data.name=wine data.split=STANDARD data.split_index=0 trainer.la.selection_strategy=OBD trainer.la.subset_size=600
[2023-07-09 16:33:49,393][main][INFO] - Using device: cuda
[2023-07-09 16:33:49,841][main][INFO] - Training LA_POSTHOC model
[2023-07-09 16:33:55,090][HYDRA] 	#1 : seed=0 data.name=wine data.split=STANDARD data.split_index=1 trainer.la.selection_strategy=OBD trainer.la.subset_size=600
[2023-07-09 16:33:55,177][main][INFO] - Using device: cuda
[2023-07-09 16:33:55,554][main][INFO] - Training LA_POSTHOC model
[2023-07-09 16:33:57,171][HYDRA] 	#2 : seed=0 data.name=wine data.split=STANDARD data.split_index=2 trainer.la.selection_strategy=OBD trainer.la.subset_size=600
[2023-07-09 16:33:57,257][main][INFO] - Using device: cuda
[2023-07-09 16:33:57,590][main][INFO] - Training LA_POSTHOC model
[2023-07-09 16:33:59,161][HYDRA] 	#3 : seed=0 data.name=wine data.split=STANDARD data.split_index=3 trainer.la.selection_strategy=OBD trainer.la.subset_size=600
[2023-07-09 16:33:59,245][main][INFO] - Using device: cuda
[2023-07-09 16:33:59,586][main][INFO] - Training LA_POSTHOC model
[2023-07-09 16:34:01,165][HYDRA] 	#4 : seed=0 data.name=wine data.split=STANDARD data.split_index=4 trainer.la.selection_strategy=OBD trainer.la.subset_size=600
[2023-07-09 16:34:01,249][main][INFO] - Using device: cuda
[2023-07-09 16:34:01,611][main][INFO] - Training LA_POSTHOC model
[2023-07-09 16:34:03,189][HYDRA] 	#5 : seed=0 data.name=wine data.split=STANDARD data.split_index=5 trainer.la.selection_strategy=OBD trainer.la.subset_size=600
[2023-07-09 16:34:03,274][main][INFO] - Using device: cuda
[2023-07-09 16:34:03,632][main][INFO] - Training LA_POSTHOC model
[2023-07-09 16:34:05,208][HYDRA] 	#6 : seed=0 data.name=wine data.split=STANDARD data.split_index=6 trainer.la.selection_strategy=OBD trainer.la.subset_size=600
[2023-07-09 16:34:05,293][main][INFO] - Using device: cuda
[2023-07-09 16:34:05,661][main][INFO] - Training LA_POSTHOC model
[2023-07-09 16:34:07,235][HYDRA] 	#7 : seed=0 data.name=wine data.split=STANDARD data.split_index=7 trainer.la.selection_strategy=OBD trainer.la.subset_size=600
[2023-07-09 16:34:07,320][main][INFO] - Using device: cuda
[2023-07-09 16:34:07,648][main][INFO] - Training LA_POSTHOC model
[2023-07-09 16:34:09,217][HYDRA] 	#8 : seed=0 data.name=wine data.split=STANDARD data.split_index=8 trainer.la.selection_strategy=OBD trainer.la.subset_size=600
[2023-07-09 16:34:09,338][main][INFO] - Using device: cuda
[2023-07-09 16:34:09,702][main][INFO] - Training LA_POSTHOC model
[2023-07-09 16:34:11,266][HYDRA] 	#9 : seed=0 data.name=wine data.split=STANDARD data.split_index=9 trainer.la.selection_strategy=OBD trainer.la.subset_size=600
[2023-07-09 16:34:11,351][main][INFO] - Using device: cuda
[2023-07-09 16:34:11,710][main][INFO] - Training LA_POSTHOC model
[2023-07-09 16:34:13,272][HYDRA] 	#10 : seed=0 data.name=wine data.split=STANDARD data.split_index=10 trainer.la.selection_strategy=OBD trainer.la.subset_size=600
[2023-07-09 16:34:13,357][main][INFO] - Using device: cuda
[2023-07-09 16:34:13,725][main][INFO] - Training LA_POSTHOC model
[2023-07-09 16:34:15,292][HYDRA] 	#11 : seed=0 data.name=wine data.split=STANDARD data.split_index=11 trainer.la.selection_strategy=OBD trainer.la.subset_size=600
[2023-07-09 16:34:15,376][main][INFO] - Using device: cuda
[2023-07-09 16:34:15,742][main][INFO] - Training LA_POSTHOC model
[2023-07-09 16:34:17,311][HYDRA] 	#12 : seed=0 data.name=wine data.split=STANDARD data.split_index=12 trainer.la.selection_strategy=OBD trainer.la.subset_size=600
[2023-07-09 16:34:17,395][main][INFO] - Using device: cuda
[2023-07-09 16:34:17,744][main][INFO] - Training LA_POSTHOC model
[2023-07-09 16:34:19,309][HYDRA] 	#13 : seed=0 data.name=wine data.split=STANDARD data.split_index=13 trainer.la.selection_strategy=OBD trainer.la.subset_size=600
[2023-07-09 16:34:19,393][main][INFO] - Using device: cuda
[2023-07-09 16:34:19,746][main][INFO] - Training LA_POSTHOC model
[2023-07-09 16:34:21,311][HYDRA] 	#14 : seed=0 data.name=wine data.split=STANDARD data.split_index=14 trainer.la.selection_strategy=OBD trainer.la.subset_size=600
[2023-07-09 16:34:21,395][main][INFO] - Using device: cuda
[2023-07-09 16:34:21,738][main][INFO] - Training LA_POSTHOC model
[2023-07-09 16:34:23,305][HYDRA] 	#15 : seed=0 data.name=wine data.split=STANDARD data.split_index=15 trainer.la.selection_strategy=OBD trainer.la.subset_size=600
[2023-07-09 16:34:23,389][main][INFO] - Using device: cuda
[2023-07-09 16:34:23,726][main][INFO] - Training LA_POSTHOC model
[2023-07-09 16:34:25,332][HYDRA] 	#16 : seed=0 data.name=wine data.split=STANDARD data.split_index=16 trainer.la.selection_strategy=OBD trainer.la.subset_size=600
[2023-07-09 16:34:25,418][main][INFO] - Using device: cuda
[2023-07-09 16:34:25,775][main][INFO] - Training LA_POSTHOC model
[2023-07-09 16:34:27,345][HYDRA] 	#17 : seed=0 data.name=wine data.split=STANDARD data.split_index=17 trainer.la.selection_strategy=OBD trainer.la.subset_size=600
[2023-07-09 16:34:27,429][main][INFO] - Using device: cuda
[2023-07-09 16:34:27,758][main][INFO] - Training LA_POSTHOC model
[2023-07-09 16:34:29,326][HYDRA] 	#18 : seed=0 data.name=wine data.split=STANDARD data.split_index=18 trainer.la.selection_strategy=OBD trainer.la.subset_size=600
[2023-07-09 16:34:29,410][main][INFO] - Using device: cuda
[2023-07-09 16:34:29,742][main][INFO] - Training LA_POSTHOC model
[2023-07-09 16:34:31,309][HYDRA] 	#19 : seed=0 data.name=wine data.split=STANDARD data.split_index=19 trainer.la.selection_strategy=OBD trainer.la.subset_size=600
[2023-07-09 16:34:31,393][main][INFO] - Using device: cuda
[2023-07-09 16:34:31,726][main][INFO] - Training LA_POSTHOC model
[2023-07-09 16:34:33,294][HYDRA] 	#20 : seed=1 data.name=wine data.split=STANDARD data.split_index=0 trainer.la.selection_strategy=OBD trainer.la.subset_size=600
[2023-07-09 16:34:33,377][main][INFO] - Using device: cuda
[2023-07-09 16:34:33,699][main][INFO] - Training LA_POSTHOC model
[2023-07-09 16:34:35,268][HYDRA] 	#21 : seed=1 data.name=wine data.split=STANDARD data.split_index=1 trainer.la.selection_strategy=OBD trainer.la.subset_size=600
[2023-07-09 16:34:35,352][main][INFO] - Using device: cuda
[2023-07-09 16:34:35,735][main][INFO] - Training LA_POSTHOC model
[2023-07-09 16:34:37,303][HYDRA] 	#22 : seed=1 data.name=wine data.split=STANDARD data.split_index=2 trainer.la.selection_strategy=OBD trainer.la.subset_size=600
[2023-07-09 16:34:37,388][main][INFO] - Using device: cuda
[2023-07-09 16:34:37,751][main][INFO] - Training LA_POSTHOC model
[2023-07-09 16:34:39,365][HYDRA] 	#23 : seed=1 data.name=wine data.split=STANDARD data.split_index=3 trainer.la.selection_strategy=OBD trainer.la.subset_size=600
[2023-07-09 16:34:39,449][main][INFO] - Using device: cuda
[2023-07-09 16:34:39,805][main][INFO] - Training LA_POSTHOC model
[2023-07-09 16:34:41,376][HYDRA] 	#24 : seed=1 data.name=wine data.split=STANDARD data.split_index=4 trainer.la.selection_strategy=OBD trainer.la.subset_size=600
[2023-07-09 16:34:41,461][main][INFO] - Using device: cuda
[2023-07-09 16:34:41,829][main][INFO] - Training LA_POSTHOC model
[2023-07-09 16:34:43,402][HYDRA] 	#25 : seed=1 data.name=wine data.split=STANDARD data.split_index=5 trainer.la.selection_strategy=OBD trainer.la.subset_size=600
[2023-07-09 16:34:43,486][main][INFO] - Using device: cuda
[2023-07-09 16:34:43,846][main][INFO] - Training LA_POSTHOC model
[2023-07-09 16:34:45,414][HYDRA] 	#26 : seed=1 data.name=wine data.split=STANDARD data.split_index=6 trainer.la.selection_strategy=OBD trainer.la.subset_size=600
[2023-07-09 16:34:45,499][main][INFO] - Using device: cuda
[2023-07-09 16:34:45,847][main][INFO] - Training LA_POSTHOC model
[2023-07-09 16:34:47,411][HYDRA] 	#27 : seed=1 data.name=wine data.split=STANDARD data.split_index=7 trainer.la.selection_strategy=OBD trainer.la.subset_size=600
[2023-07-09 16:34:47,496][main][INFO] - Using device: cuda
[2023-07-09 16:34:47,881][main][INFO] - Training LA_POSTHOC model
[2023-07-09 16:34:49,464][HYDRA] 	#28 : seed=1 data.name=wine data.split=STANDARD data.split_index=8 trainer.la.selection_strategy=OBD trainer.la.subset_size=600
[2023-07-09 16:34:49,549][main][INFO] - Using device: cuda
[2023-07-09 16:34:49,896][main][INFO] - Training LA_POSTHOC model
[2023-07-09 16:34:51,469][HYDRA] 	#29 : seed=1 data.name=wine data.split=STANDARD data.split_index=9 trainer.la.selection_strategy=OBD trainer.la.subset_size=600
[2023-07-09 16:34:51,554][main][INFO] - Using device: cuda
[2023-07-09 16:34:51,900][main][INFO] - Training LA_POSTHOC model
[2023-07-09 16:34:53,468][HYDRA] 	#30 : seed=1 data.name=wine data.split=STANDARD data.split_index=10 trainer.la.selection_strategy=OBD trainer.la.subset_size=600
[2023-07-09 16:34:53,592][main][INFO] - Using device: cuda
[2023-07-09 16:34:53,943][main][INFO] - Training LA_POSTHOC model
[2023-07-09 16:34:55,510][HYDRA] 	#31 : seed=1 data.name=wine data.split=STANDARD data.split_index=11 trainer.la.selection_strategy=OBD trainer.la.subset_size=600
[2023-07-09 16:34:55,596][main][INFO] - Using device: cuda
[2023-07-09 16:34:56,051][main][INFO] - Training LA_POSTHOC model
[2023-07-09 16:34:57,664][HYDRA] 	#32 : seed=1 data.name=wine data.split=STANDARD data.split_index=12 trainer.la.selection_strategy=OBD trainer.la.subset_size=600
[2023-07-09 16:34:57,753][main][INFO] - Using device: cuda
[2023-07-09 16:34:58,112][main][INFO] - Training LA_POSTHOC model
[2023-07-09 16:34:59,677][HYDRA] 	#33 : seed=1 data.name=wine data.split=STANDARD data.split_index=13 trainer.la.selection_strategy=OBD trainer.la.subset_size=600
[2023-07-09 16:34:59,763][main][INFO] - Using device: cuda
[2023-07-09 16:35:00,121][main][INFO] - Training LA_POSTHOC model
[2023-07-09 16:35:01,697][HYDRA] 	#34 : seed=1 data.name=wine data.split=STANDARD data.split_index=14 trainer.la.selection_strategy=OBD trainer.la.subset_size=600
[2023-07-09 16:35:01,782][main][INFO] - Using device: cuda
[2023-07-09 16:35:02,146][main][INFO] - Training LA_POSTHOC model
[2023-07-09 16:35:03,722][HYDRA] 	#35 : seed=1 data.name=wine data.split=STANDARD data.split_index=15 trainer.la.selection_strategy=OBD trainer.la.subset_size=600
[2023-07-09 16:35:03,807][main][INFO] - Using device: cuda
[2023-07-09 16:35:04,158][main][INFO] - Training LA_POSTHOC model
[2023-07-09 16:35:05,737][HYDRA] 	#36 : seed=1 data.name=wine data.split=STANDARD data.split_index=16 trainer.la.selection_strategy=OBD trainer.la.subset_size=600
[2023-07-09 16:35:05,822][main][INFO] - Using device: cuda
[2023-07-09 16:35:06,179][main][INFO] - Training LA_POSTHOC model
[2023-07-09 16:35:07,753][HYDRA] 	#37 : seed=1 data.name=wine data.split=STANDARD data.split_index=17 trainer.la.selection_strategy=OBD trainer.la.subset_size=600
[2023-07-09 16:35:07,837][main][INFO] - Using device: cuda
[2023-07-09 16:35:08,197][main][INFO] - Training LA_POSTHOC model
[2023-07-09 16:35:09,816][HYDRA] 	#38 : seed=1 data.name=wine data.split=STANDARD data.split_index=18 trainer.la.selection_strategy=OBD trainer.la.subset_size=600
[2023-07-09 16:35:09,901][main][INFO] - Using device: cuda
[2023-07-09 16:35:10,249][main][INFO] - Training LA_POSTHOC model
[2023-07-09 16:35:11,815][HYDRA] 	#39 : seed=1 data.name=wine data.split=STANDARD data.split_index=19 trainer.la.selection_strategy=OBD trainer.la.subset_size=600
[2023-07-09 16:35:11,901][main][INFO] - Using device: cuda
[2023-07-09 16:35:12,234][main][INFO] - Training LA_POSTHOC model
[2023-07-09 16:35:13,803][HYDRA] 	#40 : seed=2 data.name=wine data.split=STANDARD data.split_index=0 trainer.la.selection_strategy=OBD trainer.la.subset_size=600
[2023-07-09 16:35:13,888][main][INFO] - Using device: cuda
[2023-07-09 16:35:14,263][main][INFO] - Training LA_POSTHOC model
[2023-07-09 16:35:15,828][HYDRA] 	#41 : seed=2 data.name=wine data.split=STANDARD data.split_index=1 trainer.la.selection_strategy=OBD trainer.la.subset_size=600
[2023-07-09 16:35:15,912][main][INFO] - Using device: cuda
[2023-07-09 16:35:16,262][main][INFO] - Training LA_POSTHOC model
[2023-07-09 16:35:17,819][HYDRA] 	#42 : seed=2 data.name=wine data.split=STANDARD data.split_index=2 trainer.la.selection_strategy=OBD trainer.la.subset_size=600
[2023-07-09 16:35:17,903][main][INFO] - Using device: cuda
[2023-07-09 16:35:18,286][main][INFO] - Training LA_POSTHOC model
[2023-07-09 16:35:19,847][HYDRA] 	#43 : seed=2 data.name=wine data.split=STANDARD data.split_index=3 trainer.la.selection_strategy=OBD trainer.la.subset_size=600
[2023-07-09 16:35:19,934][main][INFO] - Using device: cuda
[2023-07-09 16:35:20,292][main][INFO] - Training LA_POSTHOC model
[2023-07-09 16:35:21,848][HYDRA] 	#44 : seed=2 data.name=wine data.split=STANDARD data.split_index=4 trainer.la.selection_strategy=OBD trainer.la.subset_size=600
[2023-07-09 16:35:21,932][main][INFO] - Using device: cuda
[2023-07-09 16:35:22,289][main][INFO] - Training LA_POSTHOC model
[2023-07-09 16:35:23,843][HYDRA] 	#45 : seed=2 data.name=wine data.split=STANDARD data.split_index=5 trainer.la.selection_strategy=OBD trainer.la.subset_size=600
[2023-07-09 16:35:23,927][main][INFO] - Using device: cuda
[2023-07-09 16:35:24,303][main][INFO] - Training LA_POSTHOC model
[2023-07-09 16:35:25,899][HYDRA] 	#46 : seed=2 data.name=wine data.split=STANDARD data.split_index=6 trainer.la.selection_strategy=OBD trainer.la.subset_size=600
[2023-07-09 16:35:25,983][main][INFO] - Using device: cuda
[2023-07-09 16:35:26,341][main][INFO] - Training LA_POSTHOC model
[2023-07-09 16:35:27,899][HYDRA] 	#47 : seed=2 data.name=wine data.split=STANDARD data.split_index=7 trainer.la.selection_strategy=OBD trainer.la.subset_size=600
[2023-07-09 16:35:27,983][main][INFO] - Using device: cuda
[2023-07-09 16:35:28,337][main][INFO] - Training LA_POSTHOC model
[2023-07-09 16:35:29,895][HYDRA] 	#48 : seed=2 data.name=wine data.split=STANDARD data.split_index=8 trainer.la.selection_strategy=OBD trainer.la.subset_size=600
[2023-07-09 16:35:29,979][main][INFO] - Using device: cuda
[2023-07-09 16:35:30,343][main][INFO] - Training LA_POSTHOC model
[2023-07-09 16:35:31,896][HYDRA] 	#49 : seed=2 data.name=wine data.split=STANDARD data.split_index=9 trainer.la.selection_strategy=OBD trainer.la.subset_size=600
[2023-07-09 16:35:31,980][main][INFO] - Using device: cuda
[2023-07-09 16:35:32,343][main][INFO] - Training LA_POSTHOC model
[2023-07-09 16:35:33,899][HYDRA] 	#50 : seed=2 data.name=wine data.split=STANDARD data.split_index=10 trainer.la.selection_strategy=OBD trainer.la.subset_size=600
[2023-07-09 16:35:33,982][main][INFO] - Using device: cuda
[2023-07-09 16:35:34,335][main][INFO] - Training LA_POSTHOC model
[2023-07-09 16:35:35,890][HYDRA] 	#51 : seed=2 data.name=wine data.split=STANDARD data.split_index=11 trainer.la.selection_strategy=OBD trainer.la.subset_size=600
[2023-07-09 16:35:35,973][main][INFO] - Using device: cuda
[2023-07-09 16:35:36,321][main][INFO] - Training LA_POSTHOC model
[2023-07-09 16:35:37,884][HYDRA] 	#52 : seed=2 data.name=wine data.split=STANDARD data.split_index=12 trainer.la.selection_strategy=OBD trainer.la.subset_size=600
[2023-07-09 16:35:37,969][main][INFO] - Using device: cuda
[2023-07-09 16:35:38,317][main][INFO] - Training LA_POSTHOC model
[2023-07-09 16:35:39,872][HYDRA] 	#53 : seed=2 data.name=wine data.split=STANDARD data.split_index=13 trainer.la.selection_strategy=OBD trainer.la.subset_size=600
[2023-07-09 16:35:39,957][main][INFO] - Using device: cuda
[2023-07-09 16:35:40,294][main][INFO] - Training LA_POSTHOC model
[2023-07-09 16:35:41,910][HYDRA] 	#54 : seed=2 data.name=wine data.split=STANDARD data.split_index=14 trainer.la.selection_strategy=OBD trainer.la.subset_size=600
[2023-07-09 16:35:41,995][main][INFO] - Using device: cuda
[2023-07-09 16:35:42,347][main][INFO] - Training LA_POSTHOC model
[2023-07-09 16:35:43,919][HYDRA] 	#55 : seed=2 data.name=wine data.split=STANDARD data.split_index=15 trainer.la.selection_strategy=OBD trainer.la.subset_size=600
[2023-07-09 16:35:44,004][main][INFO] - Using device: cuda
[2023-07-09 16:35:44,359][main][INFO] - Training LA_POSTHOC model
[2023-07-09 16:35:45,928][HYDRA] 	#56 : seed=2 data.name=wine data.split=STANDARD data.split_index=16 trainer.la.selection_strategy=OBD trainer.la.subset_size=600
[2023-07-09 16:35:46,012][main][INFO] - Using device: cuda
[2023-07-09 16:35:46,376][main][INFO] - Training LA_POSTHOC model
[2023-07-09 16:35:47,945][HYDRA] 	#57 : seed=2 data.name=wine data.split=STANDARD data.split_index=17 trainer.la.selection_strategy=OBD trainer.la.subset_size=600
[2023-07-09 16:35:48,029][main][INFO] - Using device: cuda
[2023-07-09 16:35:48,366][main][INFO] - Training LA_POSTHOC model
[2023-07-09 16:35:49,934][HYDRA] 	#58 : seed=2 data.name=wine data.split=STANDARD data.split_index=18 trainer.la.selection_strategy=OBD trainer.la.subset_size=600
[2023-07-09 16:35:50,018][main][INFO] - Using device: cuda
[2023-07-09 16:35:50,365][main][INFO] - Training LA_POSTHOC model
[2023-07-09 16:35:51,933][HYDRA] 	#59 : seed=2 data.name=wine data.split=STANDARD data.split_index=19 trainer.la.selection_strategy=OBD trainer.la.subset_size=600
[2023-07-09 16:35:52,017][main][INFO] - Using device: cuda
[2023-07-09 16:35:52,369][main][INFO] - Training LA_POSTHOC model
[2023-07-09 16:35:53,936][HYDRA] 	#60 : seed=3 data.name=wine data.split=STANDARD data.split_index=0 trainer.la.selection_strategy=OBD trainer.la.subset_size=600
[2023-07-09 16:35:54,020][main][INFO] - Using device: cuda
[2023-07-09 16:35:54,359][main][INFO] - Training LA_POSTHOC model
[2023-07-09 16:35:55,925][HYDRA] 	#61 : seed=3 data.name=wine data.split=STANDARD data.split_index=1 trainer.la.selection_strategy=OBD trainer.la.subset_size=600
[2023-07-09 16:35:56,009][main][INFO] - Using device: cuda
[2023-07-09 16:35:56,387][main][INFO] - Training LA_POSTHOC model
[2023-07-09 16:35:57,954][HYDRA] 	#62 : seed=3 data.name=wine data.split=STANDARD data.split_index=2 trainer.la.selection_strategy=OBD trainer.la.subset_size=600
[2023-07-09 16:35:58,038][main][INFO] - Using device: cuda
[2023-07-09 16:35:58,388][main][INFO] - Training LA_POSTHOC model
[2023-07-09 16:36:00,001][HYDRA] 	#63 : seed=3 data.name=wine data.split=STANDARD data.split_index=3 trainer.la.selection_strategy=OBD trainer.la.subset_size=600
[2023-07-09 16:36:00,085][main][INFO] - Using device: cuda
[2023-07-09 16:36:00,420][main][INFO] - Training LA_POSTHOC model
[2023-07-09 16:36:01,990][HYDRA] 	#64 : seed=3 data.name=wine data.split=STANDARD data.split_index=4 trainer.la.selection_strategy=OBD trainer.la.subset_size=600
[2023-07-09 16:36:02,074][main][INFO] - Using device: cuda
[2023-07-09 16:36:02,448][main][INFO] - Training LA_POSTHOC model
[2023-07-09 16:36:04,017][HYDRA] 	#65 : seed=3 data.name=wine data.split=STANDARD data.split_index=5 trainer.la.selection_strategy=OBD trainer.la.subset_size=600
[2023-07-09 16:36:04,102][main][INFO] - Using device: cuda
[2023-07-09 16:36:04,449][main][INFO] - Training LA_POSTHOC model
[2023-07-09 16:36:06,019][HYDRA] 	#66 : seed=3 data.name=wine data.split=STANDARD data.split_index=6 trainer.la.selection_strategy=OBD trainer.la.subset_size=600
[2023-07-09 16:36:06,104][main][INFO] - Using device: cuda
[2023-07-09 16:36:06,450][main][INFO] - Training LA_POSTHOC model
[2023-07-09 16:36:08,019][HYDRA] 	#67 : seed=3 data.name=wine data.split=STANDARD data.split_index=7 trainer.la.selection_strategy=OBD trainer.la.subset_size=600
[2023-07-09 16:36:08,103][main][INFO] - Using device: cuda
[2023-07-09 16:36:08,430][main][INFO] - Training LA_POSTHOC model
[2023-07-09 16:36:09,998][HYDRA] 	#68 : seed=3 data.name=wine data.split=STANDARD data.split_index=8 trainer.la.selection_strategy=OBD trainer.la.subset_size=600
[2023-07-09 16:36:10,082][main][INFO] - Using device: cuda
[2023-07-09 16:36:10,418][main][INFO] - Training LA_POSTHOC model
[2023-07-09 16:36:11,985][HYDRA] 	#69 : seed=3 data.name=wine data.split=STANDARD data.split_index=9 trainer.la.selection_strategy=OBD trainer.la.subset_size=600
[2023-07-09 16:36:12,069][main][INFO] - Using device: cuda
[2023-07-09 16:36:12,439][main][INFO] - Training LA_POSTHOC model
[2023-07-09 16:36:14,004][HYDRA] 	#70 : seed=3 data.name=wine data.split=STANDARD data.split_index=10 trainer.la.selection_strategy=OBD trainer.la.subset_size=600
[2023-07-09 16:36:14,088][main][INFO] - Using device: cuda
[2023-07-09 16:36:14,436][main][INFO] - Training LA_POSTHOC model
[2023-07-09 16:36:16,008][HYDRA] 	#71 : seed=3 data.name=wine data.split=STANDARD data.split_index=11 trainer.la.selection_strategy=OBD trainer.la.subset_size=600
[2023-07-09 16:36:16,093][main][INFO] - Using device: cuda
[2023-07-09 16:36:16,464][main][INFO] - Training LA_POSTHOC model
[2023-07-09 16:36:18,075][HYDRA] 	#72 : seed=3 data.name=wine data.split=STANDARD data.split_index=12 trainer.la.selection_strategy=OBD trainer.la.subset_size=600
[2023-07-09 16:36:18,161][main][INFO] - Using device: cuda
[2023-07-09 16:36:18,545][main][INFO] - Training LA_POSTHOC model
[2023-07-09 16:36:20,120][HYDRA] 	#73 : seed=3 data.name=wine data.split=STANDARD data.split_index=13 trainer.la.selection_strategy=OBD trainer.la.subset_size=600
[2023-07-09 16:36:20,205][main][INFO] - Using device: cuda
[2023-07-09 16:36:20,557][main][INFO] - Training LA_POSTHOC model
[2023-07-09 16:36:22,130][HYDRA] 	#74 : seed=3 data.name=wine data.split=STANDARD data.split_index=14 trainer.la.selection_strategy=OBD trainer.la.subset_size=600
[2023-07-09 16:36:22,215][main][INFO] - Using device: cuda
[2023-07-09 16:36:22,583][main][INFO] - Training LA_POSTHOC model
[2023-07-09 16:36:24,156][HYDRA] 	#75 : seed=3 data.name=wine data.split=STANDARD data.split_index=15 trainer.la.selection_strategy=OBD trainer.la.subset_size=600
[2023-07-09 16:36:24,240][main][INFO] - Using device: cuda
[2023-07-09 16:36:24,581][main][INFO] - Training LA_POSTHOC model
[2023-07-09 16:36:26,153][HYDRA] 	#76 : seed=3 data.name=wine data.split=STANDARD data.split_index=16 trainer.la.selection_strategy=OBD trainer.la.subset_size=600
[2023-07-09 16:36:26,237][main][INFO] - Using device: cuda
[2023-07-09 16:36:26,583][main][INFO] - Training LA_POSTHOC model
[2023-07-09 16:36:28,154][HYDRA] 	#77 : seed=3 data.name=wine data.split=STANDARD data.split_index=17 trainer.la.selection_strategy=OBD trainer.la.subset_size=600
[2023-07-09 16:36:28,239][main][INFO] - Using device: cuda
[2023-07-09 16:36:28,590][main][INFO] - Training LA_POSTHOC model
[2023-07-09 16:36:30,162][HYDRA] 	#78 : seed=3 data.name=wine data.split=STANDARD data.split_index=18 trainer.la.selection_strategy=OBD trainer.la.subset_size=600
[2023-07-09 16:36:30,246][main][INFO] - Using device: cuda
[2023-07-09 16:36:30,623][main][INFO] - Training LA_POSTHOC model
[2023-07-09 16:36:32,191][HYDRA] 	#79 : seed=3 data.name=wine data.split=STANDARD data.split_index=19 trainer.la.selection_strategy=OBD trainer.la.subset_size=600
[2023-07-09 16:36:32,275][main][INFO] - Using device: cuda
[2023-07-09 16:36:32,612][main][INFO] - Training LA_POSTHOC model
[2023-07-09 16:36:34,181][HYDRA] 	#80 : seed=4 data.name=wine data.split=STANDARD data.split_index=0 trainer.la.selection_strategy=OBD trainer.la.subset_size=600
[2023-07-09 16:36:34,265][main][INFO] - Using device: cuda
[2023-07-09 16:36:34,632][main][INFO] - Training LA_POSTHOC model
[2023-07-09 16:36:36,265][HYDRA] 	#81 : seed=4 data.name=wine data.split=STANDARD data.split_index=1 trainer.la.selection_strategy=OBD trainer.la.subset_size=600
[2023-07-09 16:36:36,349][main][INFO] - Using device: cuda
[2023-07-09 16:36:36,717][main][INFO] - Training LA_POSTHOC model
[2023-07-09 16:36:38,288][HYDRA] 	#82 : seed=4 data.name=wine data.split=STANDARD data.split_index=2 trainer.la.selection_strategy=OBD trainer.la.subset_size=600
[2023-07-09 16:36:38,372][main][INFO] - Using device: cuda
[2023-07-09 16:36:38,728][main][INFO] - Training LA_POSTHOC model
[2023-07-09 16:36:40,300][HYDRA] 	#83 : seed=4 data.name=wine data.split=STANDARD data.split_index=3 trainer.la.selection_strategy=OBD trainer.la.subset_size=600
[2023-07-09 16:36:40,385][main][INFO] - Using device: cuda
[2023-07-09 16:36:40,715][main][INFO] - Training LA_POSTHOC model
[2023-07-09 16:36:42,288][HYDRA] 	#84 : seed=4 data.name=wine data.split=STANDARD data.split_index=4 trainer.la.selection_strategy=OBD trainer.la.subset_size=600
[2023-07-09 16:36:42,374][main][INFO] - Using device: cuda
[2023-07-09 16:36:42,709][main][INFO] - Training LA_POSTHOC model
[2023-07-09 16:36:44,282][HYDRA] 	#85 : seed=4 data.name=wine data.split=STANDARD data.split_index=5 trainer.la.selection_strategy=OBD trainer.la.subset_size=600
[2023-07-09 16:36:44,366][main][INFO] - Using device: cuda
[2023-07-09 16:36:44,712][main][INFO] - Training LA_POSTHOC model
[2023-07-09 16:36:46,281][HYDRA] 	#86 : seed=4 data.name=wine data.split=STANDARD data.split_index=6 trainer.la.selection_strategy=OBD trainer.la.subset_size=600
[2023-07-09 16:36:46,365][main][INFO] - Using device: cuda
[2023-07-09 16:36:46,740][main][INFO] - Training LA_POSTHOC model
[2023-07-09 16:36:48,309][HYDRA] 	#87 : seed=4 data.name=wine data.split=STANDARD data.split_index=7 trainer.la.selection_strategy=OBD trainer.la.subset_size=600
[2023-07-09 16:36:48,394][main][INFO] - Using device: cuda
[2023-07-09 16:36:48,747][main][INFO] - Training LA_POSTHOC model
[2023-07-09 16:36:50,316][HYDRA] 	#88 : seed=4 data.name=wine data.split=STANDARD data.split_index=8 trainer.la.selection_strategy=OBD trainer.la.subset_size=600
[2023-07-09 16:36:50,400][main][INFO] - Using device: cuda
[2023-07-09 16:36:50,759][main][INFO] - Training LA_POSTHOC model
[2023-07-09 16:36:52,329][HYDRA] 	#89 : seed=4 data.name=wine data.split=STANDARD data.split_index=9 trainer.la.selection_strategy=OBD trainer.la.subset_size=600
[2023-07-09 16:36:52,413][main][INFO] - Using device: cuda
[2023-07-09 16:36:52,760][main][INFO] - Training LA_POSTHOC model
[2023-07-09 16:36:54,383][HYDRA] 	#90 : seed=4 data.name=wine data.split=STANDARD data.split_index=10 trainer.la.selection_strategy=OBD trainer.la.subset_size=600
[2023-07-09 16:36:54,468][main][INFO] - Using device: cuda
[2023-07-09 16:36:54,829][main][INFO] - Training LA_POSTHOC model
[2023-07-09 16:36:56,399][HYDRA] 	#91 : seed=4 data.name=wine data.split=STANDARD data.split_index=11 trainer.la.selection_strategy=OBD trainer.la.subset_size=600
[2023-07-09 16:36:56,483][main][INFO] - Using device: cuda
[2023-07-09 16:36:56,859][main][INFO] - Training LA_POSTHOC model
[2023-07-09 16:36:58,434][HYDRA] 	#92 : seed=4 data.name=wine data.split=STANDARD data.split_index=12 trainer.la.selection_strategy=OBD trainer.la.subset_size=600
[2023-07-09 16:36:58,518][main][INFO] - Using device: cuda
[2023-07-09 16:36:58,872][main][INFO] - Training LA_POSTHOC model
[2023-07-09 16:37:00,444][HYDRA] 	#93 : seed=4 data.name=wine data.split=STANDARD data.split_index=13 trainer.la.selection_strategy=OBD trainer.la.subset_size=600
[2023-07-09 16:37:00,528][main][INFO] - Using device: cuda
[2023-07-09 16:37:00,879][main][INFO] - Training LA_POSTHOC model
[2023-07-09 16:37:02,455][HYDRA] 	#94 : seed=4 data.name=wine data.split=STANDARD data.split_index=14 trainer.la.selection_strategy=OBD trainer.la.subset_size=600
[2023-07-09 16:37:02,541][main][INFO] - Using device: cuda
[2023-07-09 16:37:02,883][main][INFO] - Training LA_POSTHOC model
[2023-07-09 16:37:04,453][HYDRA] 	#95 : seed=4 data.name=wine data.split=STANDARD data.split_index=15 trainer.la.selection_strategy=OBD trainer.la.subset_size=600
[2023-07-09 16:37:04,567][main][INFO] - Using device: cuda
[2023-07-09 16:37:04,932][main][INFO] - Training LA_POSTHOC model
[2023-07-09 16:37:06,500][HYDRA] 	#96 : seed=4 data.name=wine data.split=STANDARD data.split_index=16 trainer.la.selection_strategy=OBD trainer.la.subset_size=600
[2023-07-09 16:37:06,817][main][INFO] - Using device: cuda
[2023-07-09 16:37:07,187][main][INFO] - Training LA_POSTHOC model
[2023-07-09 16:37:08,756][HYDRA] 	#97 : seed=4 data.name=wine data.split=STANDARD data.split_index=17 trainer.la.selection_strategy=OBD trainer.la.subset_size=600
[2023-07-09 16:37:08,840][main][INFO] - Using device: cuda
[2023-07-09 16:37:09,209][main][INFO] - Training LA_POSTHOC model
[2023-07-09 16:37:10,779][HYDRA] 	#98 : seed=4 data.name=wine data.split=STANDARD data.split_index=18 trainer.la.selection_strategy=OBD trainer.la.subset_size=600
[2023-07-09 16:37:10,863][main][INFO] - Using device: cuda
[2023-07-09 16:37:11,214][main][INFO] - Training LA_POSTHOC model
[2023-07-09 16:37:12,835][HYDRA] 	#99 : seed=4 data.name=wine data.split=STANDARD data.split_index=19 trainer.la.selection_strategy=OBD trainer.la.subset_size=600
[2023-07-09 16:37:12,919][main][INFO] - Using device: cuda
[2023-07-09 16:37:13,269][main][INFO] - Training LA_POSTHOC model

JOB STATISTICS
==============
Job ID: 3037652
Cluster: snellius
User/Group: abhijith/abhijith
State: COMPLETED (exit code 0)
Nodes: 1
Cores per node: 18
CPU Utilized: 00:03:15
CPU Efficiency: 4.81% of 01:07:30 core-walltime
Job Wall-clock time: 00:03:45
Memory Utilized: 2.54 GB
Memory Efficiency: 0.00% of 0.00 MB
